<?xml version="1.0" encoding="UTF-8"?>
<!-- Generated by org.testng.reporters.JUnitReportReporter -->
<testsuite hostname="LTIN511557" failures="0" tests="4" name="com.urbanladder.runner.UrbanTestRunner" time="70.105" errors="0" timestamp="2024-06-16T16:41:52 IST" skipped="0">
  <testcase classname="com.urbanladder.runner.UrbanTestRunner" name="runScenario" time="15.139"/>
  <system-out/>
  <testcase classname="com.urbanladder.runner.UrbanTestRunner" name="runScenario" time="9.334"/>
  <system-out/>
  <testcase classname="com.urbanladder.runner.UrbanTestRunner" name="runScenario" time="17.702"/>
  <system-out/>
  <testcase classname="com.urbanladder.runner.UrbanTestRunner" name="runScenario" time="27.930"/>
  <system-out/>
</testsuite> <!-- com.urbanladder.runner.UrbanTestRunner -->
