<?xml version="1.0" encoding="UTF-8"?>
<!-- Generated by org.testng.reporters.JUnitReportReporter -->
<testsuite hostname="LTIN511557" failures="0" tests="2" name="com.urbanladder.runner.UrbanTestRunner" time="31.462" errors="0" timestamp="2024-06-17T21:52:40 IST" skipped="0">
  <testcase classname="com.urbanladder.runner.UrbanTestRunner" name="runScenario" time="20.593"/>
  <system-out/>
  <testcase classname="com.urbanladder.runner.UrbanTestRunner" name="runScenario" time="10.869"/>
  <system-out/>
</testsuite> <!-- com.urbanladder.runner.UrbanTestRunner -->
